0 info it worked if it ends with ok
1 verbose cli [ 'C:\\Program Files\\nodejs\\node.exe',
1 verbose cli   'C:\\Program Files\\nodejs\\node_modules\\npm\\bin\\npm-cli.js',
1 verbose cli   'install',
1 verbose cli   '@tensorflow/tfjs' ]
2 info using npm@3.10.10
3 info using node@v6.9.4
4 silly loadCurrentTree Starting
5 silly install loadCurrentTree
6 silly install readLocalPackageData
7 silly fetchPackageMetaData @tensorflow/tfjs
8 silly fetchNamedPackageData @tensorflow/tfjs
9 silly mapToRegistry name @tensorflow/tfjs
10 silly mapToRegistry scope (from package name) @tensorflow
11 verbose mapToRegistry no registry URL found in name for scope @tensorflow
12 silly mapToRegistry using default registry
13 silly mapToRegistry registry http://maven.amauto.local:8081/repository/npm-group/
14 silly mapToRegistry data Result {
14 silly mapToRegistry   raw: '@tensorflow/tfjs',
14 silly mapToRegistry   scope: '@tensorflow',
14 silly mapToRegistry   escapedName: '@tensorflow%2ftfjs',
14 silly mapToRegistry   name: '@tensorflow/tfjs',
14 silly mapToRegistry   rawSpec: '',
14 silly mapToRegistry   spec: 'latest',
14 silly mapToRegistry   type: 'tag' }
15 silly mapToRegistry uri http://maven.amauto.local:8081/repository/npm-group/@tensorflow%2ftfjs
16 verbose request uri http://maven.amauto.local:8081/repository/npm-group/@tensorflow%2ftfjs
17 verbose request no auth needed
18 info attempt registry request try #1 at 14:49:56
19 verbose request id 9e54c58dd3d1959c
20 http request GET http://maven.amauto.local:8081/repository/npm-group/@tensorflow%2ftfjs
21 info retry will retry, error on last attempt: Error: getaddrinfo ENOTFOUND maven.amauto.local maven.amauto.local:8081
22 info attempt registry request try #2 at 14:50:06
23 http request GET http://maven.amauto.local:8081/repository/npm-group/@tensorflow%2ftfjs
24 info retry will retry, error on last attempt: Error: getaddrinfo ENOTFOUND maven.amauto.local maven.amauto.local:8081
25 info attempt registry request try #3 at 14:51:06
26 http request GET http://maven.amauto.local:8081/repository/npm-group/@tensorflow%2ftfjs
27 silly fetchPackageMetaData Error: getaddrinfo ENOTFOUND maven.amauto.local maven.amauto.local:8081
27 silly fetchPackageMetaData     at errnoException (dns.js:28:10)
27 silly fetchPackageMetaData     at GetAddrInfoReqWrap.onlookup [as oncomplete] (dns.js:76:26)
27 silly fetchPackageMetaData  error for @tensorflow/tfjs { Error: getaddrinfo ENOTFOUND maven.amauto.local maven.amauto.local:8081
27 silly fetchPackageMetaData     at errnoException (dns.js:28:10)
27 silly fetchPackageMetaData     at GetAddrInfoReqWrap.onlookup [as oncomplete] (dns.js:76:26)
27 silly fetchPackageMetaData   code: 'ENOTFOUND',
27 silly fetchPackageMetaData   errno: 'ENOTFOUND',
27 silly fetchPackageMetaData   syscall: 'getaddrinfo',
27 silly fetchPackageMetaData   hostname: 'maven.amauto.local',
27 silly fetchPackageMetaData   host: 'maven.amauto.local',
27 silly fetchPackageMetaData   port: '8081' }
28 silly rollbackFailedOptional Starting
29 silly rollbackFailedOptional Finishing
30 silly runTopLevelLifecycles Finishing
31 silly install printInstalled
32 verbose stack Error: getaddrinfo ENOTFOUND maven.amauto.local maven.amauto.local:8081
32 verbose stack     at errnoException (dns.js:28:10)
32 verbose stack     at GetAddrInfoReqWrap.onlookup [as oncomplete] (dns.js:76:26)
33 verbose cwd C:\Projetos\AnimalCDG\Tensor
34 error Windows_NT 6.1.7601
35 error argv "C:\\Program Files\\nodejs\\node.exe" "C:\\Program Files\\nodejs\\node_modules\\npm\\bin\\npm-cli.js" "install" "@tensorflow/tfjs"
36 error node v6.9.4
37 error npm  v3.10.10
38 error code ENOTFOUND
39 error errno ENOTFOUND
40 error syscall getaddrinfo
41 error network getaddrinfo ENOTFOUND maven.amauto.local maven.amauto.local:8081
42 error network This is most likely not a problem with npm itself
42 error network and is related to network connectivity.
42 error network In most cases you are behind a proxy or have bad network settings.
42 error network
42 error network If you are behind a proxy, please make sure that the
42 error network 'proxy' config is set properly.  See: 'npm help config'
43 verbose exit [ 1, true ]
